IQ-TREE version 3.0.1 for MacOS ARM 64-bit built Jul  9 2025
Developed by Bui Quang Minh, Thomas Wong, Nhan Ly-Trong, Huaiyan Ren
Contributed by Lam-Tung Nguyen, Dominik Schrempf, Chris Bielow,
Olga Chernomor, Michael Woodhams, Diep Thi Hoang, Heiko Schmidt

Host:    ls-bio-limingcais-2023-Macbook-Pro.local (SSE4.2, 36 GB RAM)
Command: iqtree3 -s /Users/limingcai/Documents/GitHub/BOT-6276C-Phylogenomics/Lab2_IQTREE/primates.fasta -p /Users/limingcai/Documents/GitHub/BOT-6276C-Phylogenomics/Lab2_IQTREE/primates_partition -B 1000 -nt 2 -redo
Seed:    203209 (Using SPRNG - Scalable Parallel Random Number Generator)
Time:    Mon Jan 26 11:42:23 2026
Kernel:  SSE2 - 2 threads (12 CPU cores detected)

Reading partition model file /Users/limingcai/Documents/GitHub/BOT-6276C-Phylogenomics/Lab2_IQTREE/primates_partition ...
Reading alignment file /Users/limingcai/Documents/GitHub/BOT-6276C-Phylogenomics/Lab2_IQTREE/primates.fasta ... Fasta format detected
Reading fasta file: done in 0.000299931 secs using 85.02% CPU
Alignment most likely contains DNA/RNA sequences
Constructing alignment: done in 0.000867128 secs using 56.97% CPU
Alignment has 12 sequences with 898 columns, 413 distinct patterns
367 parsimony-informative, 154 singleton sites, 377 constant sites
                  Gap/Ambiguity  Composition  p-value
Analyzing sequences: done in 2.5034e-05 secs using 75.9% CPU
   1  Tarsius_syrichta    0.33%    failed      1.11%
   2  Lemur_catta         0.33%    passed     10.98%
   3  Homo_sapiens        0.22%    passed     30.81%
   4  Pan                 0.22%    passed     56.54%
   5  Gorilla             0.22%    passed     53.46%
   6  Pongo               0.33%    failed      4.15%
   7  Hylobates           0.22%    passed     47.17%
   8  Macaca_fuscata      0.22%    passed     98.12%
   9  M_mulatta           0.22%    passed     99.35%
  10  M_fascicularis      0.22%    passed     99.16%
  11  M_sylvanus          0.22%    passed     73.86%
  12  Saimiri_sciureus    0.56%    passed      8.73%
****  TOTAL               0.28%  2 sequences failed composition chi2 test (p-value<5%; df=3)

Partition file is not in NEXUS format, assuming RAxML-style partition file...
Subset	Type	Seqs	Sites	Infor	Invar	Model	Name
1	DNA	12	693	313	252	GTR	coding
2	DNA	12	205	54	125	GTR	noncoding
Degree of missing data: 0.000
Info: multi-threading strategy over partitions

Create initial parsimony tree by phylogenetic likelihood library (PLL)... 0.001 seconds
Generating 1000 samples for ultrafast bootstrap (seed: 203209)...

NOTE: 1 MB RAM (0 GB) is required!
Estimate model parameters (epsilon = 0.100)
Initial log-likelihood: -6309.078
Current log-likelihood at step 1: -5903.599
Current log-likelihood at step 2: -5899.880
Current log-likelihood at step 3: -5899.783
Partition-specific rates:  1.131 0.556
Parameters optimization took 2 rounds (0.015 sec)

Wrote distance file to... 
Computing ML distances based on estimated model parameters...
Calculating distance matrix: done in 1.90735e-05 secs using 141.6% CPU
Computing ML distances took 0.000058 sec (of wall-clock time) 0.000048 sec (of CPU time)
Setting up auxiliary I and S matrices: done in 3.00407e-05 secs using 69.91% CPU
Constructing RapidNJ tree: done in 0.000226974 secs using 35.25% CPU
Computing RapidNJ tree took 0.000279 sec (of wall-clock time) 0.000112 sec (of CPU time)
Log-likelihood of RapidNJ tree: -7084.870
--------------------------------------------------------------------
|             INITIALIZING CANDIDATE TREE SET                      |
--------------------------------------------------------------------
Generating 98 parsimony trees... 0.036 second
Computing log-likelihood of 96 initial trees ... 0.083 seconds
Current best score: -5899.783

Do NNI search on 20 best initial trees
Optimizing NNI: done in 0.00447607 secs using 84.02% CPU
Estimate model parameters (epsilon = 0.100)
Initial log-likelihood: -5899.783
Current log-likelihood at step 1: -5899.779
Parameters optimization took 0 rounds (0.001 sec)

BETTER TREE FOUND at iteration 1: -5899.779
Optimizing NNI: done in 0.00664091 secs using 85.14% CPU
Optimizing NNI: done in 0.0067122 secs using 84.64% CPU
Optimizing NNI: done in 0.00944495 secs using 82.94% CPU
Optimizing NNI: done in 0.00988698 secs using 82.24% CPU
Optimizing NNI: done in 0.0093689 secs using 82.87% CPU
Optimizing NNI: done in 0.00921988 secs using 83.23% CPU
Optimizing NNI: done in 0.0082221 secs using 84.14% CPU
Optimizing NNI: done in 0.00923491 secs using 82.79% CPU
Optimizing NNI: done in 0.00921702 secs using 83.19% CPU
Iteration 10 / LogL: -5899.913 / Time: 0h:0m:0s
Optimizing NNI: done in 0.00925684 secs using 82.83% CPU
Optimizing NNI: done in 0.009758 secs using 82.4% CPU
Optimizing NNI: done in 0.011421 secs using 83.96% CPU
Optimizing NNI: done in 0.013195 secs using 82.12% CPU
Optimizing NNI: done in 0.00883794 secs using 81.48% CPU
Optimizing NNI: done in 0.0127859 secs using 82.97% CPU
Optimizing NNI: done in 0.00975704 secs using 83.28% CPU
Optimizing NNI: done in 0.0127931 secs using 82.51% CPU
Optimizing NNI: done in 0.0112889 secs using 84.19% CPU
Optimizing NNI: done in 0.013346 secs using 82.64% CPU
Iteration 20 / LogL: -5899.800 / Time: 0h:0m:0s
Finish initializing candidate tree set (1)
Current best tree score: -5899.779 / CPU time: 0.319
Number of iterations: 20
--------------------------------------------------------------------
|               OPTIMIZING CANDIDATE TREE SET                      |
--------------------------------------------------------------------
Optimizing NNI: done in 0.0140569 secs using 71.8% CPU
Optimizing NNI: done in 0.0141561 secs using 72.03% CPU
Optimizing NNI: done in 0.0119531 secs using 75.9% CPU
Optimizing NNI: done in 0.0126901 secs using 77.3% CPU
Optimizing NNI: done in 0.0109489 secs using 74.95% CPU
Optimizing NNI: done in 0.00827503 secs using 77.7% CPU
Optimizing NNI: done in 0.0161891 secs using 72.01% CPU
Optimizing NNI: done in 0.00767112 secs using 74.2% CPU
Optimizing NNI: done in 0.0122521 secs using 75.6% CPU
Optimizing NNI: done in 0.012816 secs using 73.08% CPU
Iteration 30 / LogL: -5899.798 / Time: 0h:0m:0s (0h:0m:1s left)
Optimizing NNI: done in 0.015661 secs using 72.4% CPU
Optimizing NNI: done in 0.0126112 secs using 75.12% CPU
Optimizing NNI: done in 0.011945 secs using 72.82% CPU
Optimizing NNI: done in 0.0116441 secs using 75.13% CPU
Optimizing NNI: done in 0.0110879 secs using 75.42% CPU
Optimizing NNI: done in 0.00876093 secs using 75.04% CPU
Optimizing NNI: done in 0.0166581 secs using 73.45% CPU
Optimizing NNI: done in 0.0131521 secs using 72.92% CPU
Optimizing NNI: done in 0.0105891 secs using 72.33% CPU
Optimizing NNI: done in 0.00890493 secs using 75.3% CPU
Iteration 40 / LogL: -5900.199 / Time: 0h:0m:0s (0h:0m:0s left)
Optimizing NNI: done in 0.0119801 secs using 75.59% CPU
Optimizing NNI: done in 0.015769 secs using 73.57% CPU
Optimizing NNI: done in 0.0130401 secs using 75.31% CPU
Optimizing NNI: done in 0.012399 secs using 73.15% CPU
Optimizing NNI: done in 0.0120142 secs using 76.33% CPU
Optimizing NNI: done in 0.0124989 secs using 72.57% CPU
Optimizing NNI: done in 0.00614691 secs using 75.5% CPU
UPDATE BEST LOG-LIKELIHOOD: -5899.779
Optimizing NNI: done in 0.00882888 secs using 74.34% CPU
Optimizing NNI: done in 0.00774813 secs using 76.04% CPU
Optimizing NNI: done in 0.013242 secs using 75.52% CPU
Iteration 50 / LogL: -5899.864 / Time: 0h:0m:0s (0h:0m:0s left)
Log-likelihood cutoff on original alignment: -5932.622
Optimizing NNI: done in 0.00795412 secs using 74.73% CPU
Optimizing NNI: done in 0.012275 secs using 74.81% CPU
Optimizing NNI: done in 0.00831509 secs using 74.96% CPU
Optimizing NNI: done in 0.00760603 secs using 72.94% CPU
UPDATE BEST LOG-LIKELIHOOD: -5899.779
Optimizing NNI: done in 0.0105491 secs using 71.62% CPU
Optimizing NNI: done in 0.0135062 secs using 72.86% CPU
Optimizing NNI: done in 0.00822783 secs using 77.25% CPU
Optimizing NNI: done in 0.017904 secs using 71.15% CPU
Optimizing NNI: done in 0.00788784 secs using 72.35% CPU
Optimizing NNI: done in 0.0138171 secs using 75.67% CPU
Iteration 60 / LogL: -5899.862 / Time: 0h:0m:0s (0h:0m:0s left)
Optimizing NNI: done in 0.00837302 secs using 76.53% CPU
Optimizing NNI: done in 0.00597906 secs using 74.21% CPU
Optimizing NNI: done in 0.011565 secs using 73.32% CPU
Optimizing NNI: done in 0.0154979 secs using 74.48% CPU
Optimizing NNI: done in 0.011667 secs using 75.77% CPU
Optimizing NNI: done in 0.00590205 secs using 74.67% CPU
Optimizing NNI: done in 0.0120289 secs using 75.29% CPU
Optimizing NNI: done in 0.0133801 secs using 73.77% CPU
Optimizing NNI: done in 0.0162611 secs using 72.81% CPU
Optimizing NNI: done in 0.00826597 secs using 73.95% CPU
Iteration 70 / LogL: -5899.815 / Time: 0h:0m:1s (0h:0m:0s left)
Optimizing NNI: done in 0.015466 secs using 72.99% CPU
Optimizing NNI: done in 0.013324 secs using 73.26% CPU
Optimizing NNI: done in 0.012172 secs using 75.95% CPU
Optimizing NNI: done in 0.0133469 secs using 74.01% CPU
Optimizing NNI: done in 0.00959992 secs using 72.73% CPU
Optimizing NNI: done in 0.0101972 secs using 75.72% CPU
Optimizing NNI: done in 0.01594 secs using 72.03% CPU
Optimizing NNI: done in 0.00738192 secs using 76.44% CPU
Optimizing NNI: done in 0.01108 secs using 72.59% CPU
Optimizing NNI: done in 0.0129161 secs using 73.09% CPU
Iteration 80 / LogL: -5899.795 / Time: 0h:0m:1s (0h:0m:0s left)
Optimizing NNI: done in 0.00804496 secs using 77.46% CPU
Optimizing NNI: done in 0.0144451 secs using 72.8% CPU
Optimizing NNI: done in 0.010324 secs using 76.32% CPU
Optimizing NNI: done in 0.010195 secs using 73.2% CPU
Optimizing NNI: done in 0.0121639 secs using 73.31% CPU
Optimizing NNI: done in 0.01228 secs using 75.22% CPU
Optimizing NNI: done in 0.0123661 secs using 73.08% CPU
Optimizing NNI: done in 0.0107479 secs using 72.32% CPU
Optimizing NNI: done in 0.00879312 secs using 75.87% CPU
Optimizing NNI: done in 0.00729203 secs using 73.83% CPU
Iteration 90 / LogL: -5899.780 / Time: 0h:0m:1s (0h:0m:0s left)
Optimizing NNI: done in 0.0131299 secs using 70.7% CPU
Optimizing NNI: done in 0.00890803 secs using 74.42% CPU
Optimizing NNI: done in 0.011837 secs using 74.22% CPU
Optimizing NNI: done in 0.0143602 secs using 74.5% CPU
Optimizing NNI: done in 0.00812292 secs using 75.19% CPU
Optimizing NNI: done in 0.00572109 secs using 81.44% CPU
Optimizing NNI: done in 0.01615 secs using 74.06% CPU
Optimizing NNI: done in 0.0122709 secs using 75.07% CPU
Optimizing NNI: done in 0.00429893 secs using 79.88% CPU
Optimizing NNI: done in 0.0103841 secs using 73.67% CPU
Iteration 100 / LogL: -5899.789 / Time: 0h:0m:1s (0h:0m:0s left)
Log-likelihood cutoff on original alignment: -5932.622
NOTE: Bootstrap correlation coefficient of split occurrence frequencies: 1.000
Optimizing NNI: done in 0.00820994 secs using 75.51% CPU
Optimizing NNI: done in 0.00422502 secs using 81.09% CPU
TREE SEARCH COMPLETED AFTER 102 ITERATIONS / Time: 0h:0m:1s

--------------------------------------------------------------------
|                    FINALIZING TREE SEARCH                        |
--------------------------------------------------------------------
Performs final model parameters optimization
Estimate model parameters (epsilon = 0.010)
Initial log-likelihood: -5899.779
Current log-likelihood at step 1: -5899.779
Partition-specific rates:  1.132 0.553
Parameters optimization took 0 rounds (0.001 sec)

Partition information was printed to /Users/limingcai/Documents/GitHub/BOT-6276C-Phylogenomics/Lab2_IQTREE/primates_partition.best_model.nex
BEST SCORE FOUND : -5899.779
Creating bootstrap support values...
Split supports printed to NEXUS file /Users/limingcai/Documents/GitHub/BOT-6276C-Phylogenomics/Lab2_IQTREE/primates_partition.splits.nex
Total tree length: 1.558

Total number of iterations: 102
CPU time used for tree search: 1.034 sec (0h:0m:1s)
Wall-clock time used for tree search: 1.346 sec (0h:0m:1s)
Total CPU time used: 1.083 sec (0h:0m:1s)
Total wall-clock time used: 1.401 sec (0h:0m:1s)

Computing bootstrap consensus tree...
Reading input file /Users/limingcai/Documents/GitHub/BOT-6276C-Phylogenomics/Lab2_IQTREE/primates_partition.splits.nex...
12 taxa and 32 splits.
Consensus tree written to /Users/limingcai/Documents/GitHub/BOT-6276C-Phylogenomics/Lab2_IQTREE/primates_partition.contree
Reading input trees file /Users/limingcai/Documents/GitHub/BOT-6276C-Phylogenomics/Lab2_IQTREE/primates_partition.contree
Log-likelihood of consensus tree: -5899.779

Analysis results written to: 
  IQ-TREE report:                /Users/limingcai/Documents/GitHub/BOT-6276C-Phylogenomics/Lab2_IQTREE/primates_partition.iqtree
  Maximum-likelihood tree:       /Users/limingcai/Documents/GitHub/BOT-6276C-Phylogenomics/Lab2_IQTREE/primates_partition.treefile
  Likelihood distances:          /Users/limingcai/Documents/GitHub/BOT-6276C-Phylogenomics/Lab2_IQTREE/primates_partition.mldist

Ultrafast bootstrap approximation results written to:
  Split support values:          /Users/limingcai/Documents/GitHub/BOT-6276C-Phylogenomics/Lab2_IQTREE/primates_partition.splits.nex
  Consensus tree:                /Users/limingcai/Documents/GitHub/BOT-6276C-Phylogenomics/Lab2_IQTREE/primates_partition.contree
  Screen log file:               /Users/limingcai/Documents/GitHub/BOT-6276C-Phylogenomics/Lab2_IQTREE/primates_partition.log

Date and Time: Mon Jan 26 11:42:24 2026
